<?xml version="1.0" encoding="UTF-8"?>
<testng-results ignored="0" total="1" passed="1" failed="0" skipped="0">
  <reporter-output>
  </reporter-output>
  <suite started-at="2022-06-12T14:18:43 IST" name="Default suite" finished-at="2022-06-12T14:19:20 IST" duration-ms="37494">
    <groups>
    </groups>
    <test started-at="2022-06-12T14:18:43 IST" name="Default test" finished-at="2022-06-12T14:19:20 IST" duration-ms="37494">
      <class name="testpackage.TestActiTimeValidLogin">
        <test-method signature="Login()[pri:0, instance:testpackage.TestActiTimeValidLogin@747edf66]" started-at="2022-06-12T14:18:43 IST" name="Login" finished-at="2022-06-12T14:19:20 IST" duration-ms="37383" status="PASS">
          <reporter-output>
          </reporter-output>
        </test-method> <!-- Login -->
      </class> <!-- testpackage.TestActiTimeValidLogin -->
    </test> <!-- Default test -->
  </suite> <!-- Default suite -->
</testng-results>
