<?xml version="1.0" encoding="UTF-8"?>
<testng-results ignored="0" total="1" passed="1" failed="0" skipped="0">
  <reporter-output>
  </reporter-output>
  <suite started-at="2022-06-12T15:41:01 IST" name="Default suite" finished-at="2022-06-12T15:42:31 IST" duration-ms="89876">
    <groups>
    </groups>
    <test started-at="2022-06-12T15:41:01 IST" name="Default test" finished-at="2022-06-12T15:42:31 IST" duration-ms="89876">
      <class name="testpackage.TestActiTimeInvalidLogin">
        <test-method signature="invalidLogin()[pri:0, instance:testpackage.TestActiTimeInvalidLogin@74455848]" started-at="2022-06-12T15:41:01 IST" name="invalidLogin" finished-at="2022-06-12T15:42:31 IST" duration-ms="89787" status="PASS">
          <reporter-output>
          </reporter-output>
        </test-method> <!-- invalidLogin -->
      </class> <!-- testpackage.TestActiTimeInvalidLogin -->
    </test> <!-- Default test -->
  </suite> <!-- Default suite -->
</testng-results>
