<?xml version="1.0" encoding="UTF-8"?>
<testng-results ignored="0" total="1" passed="1" failed="0" skipped="0">
  <reporter-output>
  </reporter-output>
  <suite started-at="2022-06-15T22:26:43 IST" name="Default suite" finished-at="2022-06-15T22:27:25 IST" duration-ms="42054">
    <groups>
    </groups>
    <test started-at="2022-06-15T22:26:43 IST" name="Default test" finished-at="2022-06-15T22:27:25 IST" duration-ms="42054">
      <class name="testpackage.TestActiTimeInvalidLogin">
        <test-method signature="invalidLogin()[pri:0, instance:testpackage.TestActiTimeInvalidLogin@74455848]" started-at="2022-06-15T22:26:43 IST" name="invalidLogin" finished-at="2022-06-15T22:27:25 IST" duration-ms="41963" status="PASS">
          <reporter-output>
          </reporter-output>
        </test-method> <!-- invalidLogin -->
      </class> <!-- testpackage.TestActiTimeInvalidLogin -->
    </test> <!-- Default test -->
  </suite> <!-- Default suite -->
</testng-results>
